# JRE version: Java(TM) SE Runtime Environment (7.0_71-b14) (build 1.7.0_71-b14)
# Java VM: Java HotSpot(TM) Client VM (24.71-b01 mixed mode windows-x86 )
Heap
 par new generation   total 18432K, used 9593K [0x04600000, 0x05a00000, 0x0f0a0000)
  eden space 16384K,  46% used [0x04600000, 0x04d5e4e0, 0x05600000)
  from space 2048K, 100% used [0x05600000, 0x05800000, 0x05800000)
  to   space 2048K,   0% used [0x05800000, 0x05800000, 0x05a00000)
 concurrent mark-sweep generation total 49692K, used 23944K [0x0f0a0000, 0x12127000, 0x24600000)
 concurrent-mark-sweep perm gen total 65536K, used 45280K [0x24600000, 0x28600000, 0x28600000)
GC Heap History (10 events):
Event: 264.271 GC heap before
{Heap before GC invocations=39 (full 6):
 par new generation   total 18432K, used 18432K [0x04600000, 0x05a00000, 0x0f0a0000)
  eden space 16384K, 100% used [0x04600000, 0x05600000, 0x05600000)
  from space 2048K, 100% used [0x05800000, 0x05a00000, 0x05a00000)
  to   space 2048K,   0% used [0x05600000, 0x05600000, 0x05800000)
 concurrent mark-sweep generation total 49692K, used 34866K [0x0f0a0000, 0x12127000, 0x24600000)
 concurrent-mark-sweep perm gen total 65536K, used 49014K [0x24600000, 0x28600000, 0x28600000)
Event: 264.276 GC heap after
Heap after GC invocations=40 (full 6):
 par new generation   total 18432K, used 1923K [0x04600000, 0x05a00000, 0x0f0a0000)
  eden space 16384K,   0% used [0x04600000, 0x04600000, 0x05600000)
  from space 2048K,  93% used [0x05600000, 0x057e0e20, 0x05800000)
  to   space 2048K,   0% used [0x05800000, 0x05800000, 0x05a00000)
 concurrent mark-sweep generation total 49692K, used 36899K [0x0f0a0000, 0x12127000, 0x24600000)
 concurrent-mark-sweep perm gen total 65536K, used 49014K [0x24600000, 0x28600000, 0x28600000)
}
Event: 273.138 GC heap before
{Heap before GC invocations=40 (full 6):
 par new generation   total 18432K, used 18307K [0x04600000, 0x05a00000, 0x0f0a0000)
  eden space 16384K, 100% used [0x04600000, 0x05600000, 0x05600000)
  from space 2048K,  93% used [0x05600000, 0x057e0e20, 0x05800000)
  to   space 2048K,   0% used [0x05800000, 0x05800000, 0x05a00000)
 concurrent mark-sweep generation total 49692K, used 36899K [0x0f0a0000, 0x12127000, 0x24600000)
 concurrent-mark-sweep perm gen total 65536K, used 49040K [0x24600000, 0x28600000, 0x28600000)
Event: 273.143 GC heap after
Heap after GC invocations=41 (full 6):
 par new generation   total 18432K, used 2048K [0x04600000, 0x05a00000, 0x0f0a0000)
  eden space 16384K,   0% used [0x04600000, 0x04600000, 0x05600000)
  from space 2048K, 100% used [0x05800000, 0x05a00000, 0x05a00000)
  to   space 2048K,   0% used [0x05600000, 0x05600000, 0x05800000)
 concurrent mark-sweep generation total 49692K, used 37855K [0x0f0a0000, 0x12127000, 0x24600000)
 concurrent-mark-sweep perm gen total 65536K, used 49040K [0x24600000, 0x28600000, 0x28600000)
}
Event: 323.562 GC heap before
{Heap before GC invocations=41 (full 6):
 par new generation   total 18432K, used 18432K [0x04600000, 0x05a00000, 0x0f0a0000)
  eden space 16384K, 100% used [0x04600000, 0x05600000, 0x05600000)
  from space 2048K, 100% used [0x05800000, 0x05a00000, 0x05a00000)
  to   space 2048K,   0% used [0x05600000, 0x05600000, 0x05800000)
 concurrent mark-sweep generation total 49692K, used 37855K [0x0f0a0000, 0x12127000, 0x24600000)
 concurrent-mark-sweep perm gen total 65536K, used 49106K [0x24600000, 0x28600000, 0x28600000)
Event: 323.568 GC heap after
Heap after GC invocations=42 (full 6):
 par new generation   total 18432K, used 2048K [0x04600000, 0x05a00000, 0x0f0a0000)
  eden space 16384K,   0% used [0x04600000, 0x04600000, 0x05600000)
  from space 2048K, 100% used [0x05600000, 0x05800000, 0x05800000)
  to   space 2048K,   0% used [0x05800000, 0x05800000, 0x05a00000)
 concurrent mark-sweep generation total 49692K, used 39912K [0x0f0a0000, 0x12127000, 0x24600000)
 concurrent-mark-sweep perm gen total 65536K, used 49106K [0x24600000, 0x28600000, 0x28600000)
}
Event: 2834.469 GC heap before
{Heap before GC invocations=42 (full 6):
 par new generation   total 18432K, used 18432K [0x04600000, 0x05a00000, 0x0f0a0000)
  eden space 16384K, 100% used [0x04600000, 0x05600000, 0x05600000)
  from space 2048K, 100% used [0x05600000, 0x05800000, 0x05800000)
  to   space 2048K,   0% used [0x05800000, 0x05800000, 0x05a00000)
 concurrent mark-sweep generation total 49692K, used 39912K [0x0f0a0000, 0x12127000, 0x24600000)
 concurrent-mark-sweep perm gen total 65536K, used 49227K [0x24600000, 0x28600000, 0x28600000)
Event: 2834.476 GC heap after
Heap after GC invocations=43 (full 6):
 par new generation   total 18432K, used 2048K [0x04600000, 0x05a00000, 0x0f0a0000)
  eden space 16384K,   0% used [0x04600000, 0x04600000, 0x05600000)
  from space 2048K, 100% used [0x05800000, 0x05a00000, 0x05a00000)
  to   space 2048K,   0% used [0x05600000, 0x05600000, 0x05800000)
 concurrent mark-sweep generation total 49692K, used 42108K [0x0f0a0000, 0x12127000, 0x24600000)
 concurrent-mark-sweep perm gen total 65536K, used 49227K [0x24600000, 0x28600000, 0x28600000)
}
Event: 2841.277 GC heap before
{Heap before GC invocations=43 (full 6):
 par new generation   total 18432K, used 18432K [0x04600000, 0x05a00000, 0x0f0a0000)
  eden space 16384K, 100% used [0x04600000, 0x05600000, 0x05600000)
  from space 2048K, 100% used [0x05800000, 0x05a00000, 0x05a00000)
  to   space 2048K,   0% used [0x05600000, 0x05600000, 0x05800000)
 concurrent mark-sweep generation total 49692K, used 42108K [0x0f0a0000, 0x12127000, 0x24600000)
 concurrent-mark-sweep perm gen total 65536K, used 49252K [0x24600000, 0x28600000, 0x28600000)
Event: 2841.286 GC heap after
Heap after GC invocations=44 (full 6):
 par new generation   total 18432K, used 2048K [0x04600000, 0x05a00000, 0x0f0a0000)
  eden space 16384K,   0% used [0x04600000, 0x04600000, 0x05600000)
  from space 2048K, 100% used [0x05600000, 0x05800000, 0x05800000)
  to   space 2048K,   0% used [0x05800000, 0x05800000, 0x05a00000)
 concurrent mark-sweep generation total 49692K, used 45885K [0x0f0a0000, 0x12127000, 0x24600000)
 concurrent-mark-sweep perm gen total 65536K, used 49252K [0x24600000, 0x28600000, 0x28600000)
}

