# JRE version: Java(TM) SE Runtime Environment (7.0_71-b14) (build 1.7.0_71-b14)
# Java VM: Java HotSpot(TM) Client VM (24.71-b01 mixed mode windows-x86 )
Heap
 par new generation   total 18432K, used 4959K [0x04600000, 0x05a00000, 0x0f0a0000)
  eden space 16384K,  17% used [0x04600000, 0x048d7c48, 0x05600000)
  from space 2048K, 100% used [0x05600000, 0x05800000, 0x05800000)
  to   space 2048K,   0% used [0x05800000, 0x05800000, 0x05a00000)
 concurrent mark-sweep generation total 54400K, used 28798K [0x0f0a0000, 0x125c0000, 0x24600000)
 concurrent-mark-sweep perm gen total 65536K, used 45821K [0x24600000, 0x28600000, 0x28600000)
GC Heap History (10 events):
Event: 6350.388 GC heap before
{Heap before GC invocations=45 (full 6):
 par new generation   total 18432K, used 18121K [0x04600000, 0x05a00000, 0x0f0a0000)
  eden space 16384K, 100% used [0x04600000, 0x05600000, 0x05600000)
  from space 2048K,  84% used [0x05800000, 0x059b25d8, 0x05a00000)
  to   space 2048K,   0% used [0x05600000, 0x05600000, 0x05800000)
 concurrent mark-sweep generation total 50624K, used 22997K [0x0f0a0000, 0x12210000, 0x24600000)
 concurrent-mark-sweep perm gen total 65536K, used 42669K [0x24600000, 0x28600000, 0x28600000)
Event: 6350.391 GC heap after
Heap after GC invocations=46 (full 6):
 par new generation   total 18432K, used 1627K [0x04600000, 0x05a00000, 0x0f0a0000)
  eden space 16384K,   0% used [0x04600000, 0x04600000, 0x05600000)
  from space 2048K,  79% used [0x05600000, 0x05796e30, 0x05800000)
  to   space 2048K,   0% used [0x05800000, 0x05800000, 0x05a00000)
 concurrent mark-sweep generation total 50624K, used 23374K [0x0f0a0000, 0x12210000, 0x24600000)
 concurrent-mark-sweep perm gen total 65536K, used 42669K [0x24600000, 0x28600000, 0x28600000)
}
Event: 6408.054 GC heap before
{Heap before GC invocations=46 (full 6):
 par new generation   total 18432K, used 18011K [0x04600000, 0x05a00000, 0x0f0a0000)
  eden space 16384K, 100% used [0x04600000, 0x05600000, 0x05600000)
  from space 2048K,  79% used [0x05600000, 0x05796e30, 0x05800000)
  to   space 2048K,   0% used [0x05800000, 0x05800000, 0x05a00000)
 concurrent mark-sweep generation total 50624K, used 23374K [0x0f0a0000, 0x12210000, 0x24600000)
 concurrent-mark-sweep perm gen total 65536K, used 44976K [0x24600000, 0x28600000, 0x28600000)
Event: 6408.061 GC heap after
Heap after GC invocations=47 (full 6):
 par new generation   total 18432K, used 2025K [0x04600000, 0x05a00000, 0x0f0a0000)
  eden space 16384K,   0% used [0x04600000, 0x04600000, 0x05600000)
  from space 2048K,  98% used [0x05800000, 0x059fa420, 0x05a00000)
  to   space 2048K,   0% used [0x05600000, 0x05600000, 0x05800000)
 concurrent mark-sweep generation total 54400K, used 27884K [0x0f0a0000, 0x125c0000, 0x24600000)
 concurrent-mark-sweep perm gen total 65536K, used 44976K [0x24600000, 0x28600000, 0x28600000)
}
Event: 6474.203 GC heap before
{Heap before GC invocations=47 (full 6):
 par new generation   total 18432K, used 18409K [0x04600000, 0x05a00000, 0x0f0a0000)
  eden space 16384K, 100% used [0x04600000, 0x05600000, 0x05600000)
  from space 2048K,  98% used [0x05800000, 0x059fa420, 0x05a00000)
  to   space 2048K,   0% used [0x05600000, 0x05600000, 0x05800000)
 concurrent mark-sweep generation total 54400K, used 27884K [0x0f0a0000, 0x125c0000, 0x24600000)
 concurrent-mark-sweep perm gen total 65536K, used 45273K [0x24600000, 0x28600000, 0x28600000)
Event: 6474.208 GC heap after
Heap after GC invocations=48 (full 6):
 par new generation   total 18432K, used 1409K [0x04600000, 0x05a00000, 0x0f0a0000)
  eden space 16384K,   0% used [0x04600000, 0x04600000, 0x05600000)
  from space 2048K,  68% used [0x05600000, 0x057606a8, 0x05800000)
  to   space 2048K,   0% used [0x05800000, 0x05800000, 0x05a00000)
 concurrent mark-sweep generation total 54400K, used 28646K [0x0f0a0000, 0x125c0000, 0x24600000)
 concurrent-mark-sweep perm gen total 65536K, used 45273K [0x24600000, 0x28600000, 0x28600000)
}
Event: 6475.295 GC heap before
{Heap before GC invocations=48 (full 6):
 par new generation   total 18432K, used 17793K [0x04600000, 0x05a00000, 0x0f0a0000)
  eden space 16384K, 100% used [0x04600000, 0x05600000, 0x05600000)
  from space 2048K,  68% used [0x05600000, 0x057606a8, 0x05800000)
  to   space 2048K,   0% used [0x05800000, 0x05800000, 0x05a00000)
 concurrent mark-sweep generation total 54400K, used 28646K [0x0f0a0000, 0x125c0000, 0x24600000)
 concurrent-mark-sweep perm gen total 65536K, used 45342K [0x24600000, 0x28600000, 0x28600000)
Event: 6475.298 GC heap after
Heap after GC invocations=49 (full 6):
 par new generation   total 18432K, used 1106K [0x04600000, 0x05a00000, 0x0f0a0000)
  eden space 16384K,   0% used [0x04600000, 0x04600000, 0x05600000)
  from space 2048K,  54% used [0x05800000, 0x05914838, 0x05a00000)
  to   space 2048K,   0% used [0x05600000, 0x05600000, 0x05800000)
 concurrent mark-sweep generation total 54400K, used 28646K [0x0f0a0000, 0x125c0000, 0x24600000)
 concurrent-mark-sweep perm gen total 65536K, used 45342K [0x24600000, 0x28600000, 0x28600000)
}
Event: 6481.528 GC heap before
{Heap before GC invocations=49 (full 6):
 par new generation   total 18432K, used 17490K [0x04600000, 0x05a00000, 0x0f0a0000)
  eden space 16384K, 100% used [0x04600000, 0x05600000, 0x05600000)
  from space 2048K,  54% used [0x05800000, 0x05914838, 0x05a00000)
  to   space 2048K,   0% used [0x05600000, 0x05600000, 0x05800000)
 concurrent mark-sweep generation total 54400K, used 28646K [0x0f0a0000, 0x125c0000, 0x24600000)
 concurrent-mark-sweep perm gen total 65536K, used 45653K [0x24600000, 0x28600000, 0x28600000)
Event: 6481.532 GC heap after
Heap after GC invocations=50 (full 6):
 par new generation   total 18432K, used 2048K [0x04600000, 0x05a00000, 0x0f0a0000)
  eden space 16384K,   0% used [0x04600000, 0x04600000, 0x05600000)
  from space 2048K, 100% used [0x05600000, 0x05800000, 0x05800000)
  to   space 2048K,   0% used [0x05800000, 0x05800000, 0x05a00000)
 concurrent mark-sweep generation total 54400K, used 28798K [0x0f0a0000, 0x125c0000, 0x24600000)
 concurrent-mark-sweep perm gen total 65536K, used 45653K [0x24600000, 0x28600000, 0x28600000)
}

