# JRE version: Java(TM) SE Runtime Environment (7.0_71-b14) (build 1.7.0_71-b14)
# Java VM: Java HotSpot(TM) Client VM (24.71-b01 mixed mode windows-x86 )
Heap
 par new generation   total 18432K, used 2857K [0x04600000, 0x05a00000, 0x0f0a0000)
  eden space 16384K,   4% used [0x04600000, 0x046ca680, 0x05600000)
  from space 2048K, 100% used [0x05800000, 0x05a00000, 0x05a00000)
  to   space 2048K,   0% used [0x05600000, 0x05600000, 0x05800000)
 concurrent mark-sweep generation total 61236K, used 32870K [0x0f0a0000, 0x12c6d000, 0x24600000)
 concurrent-mark-sweep perm gen total 63520K, used 42281K [0x24600000, 0x28408000, 0x28600000)
GC Heap History (10 events):
Event: 87.258 GC heap before
{Heap before GC invocations=30 (full 6):
 par new generation   total 18432K, used 18432K [0x04600000, 0x05a00000, 0x0f0a0000)
  eden space 16384K, 100% used [0x04600000, 0x05600000, 0x05600000)
  from space 2048K, 100% used [0x05600000, 0x05800000, 0x05800000)
  to   space 2048K,   0% used [0x05800000, 0x05800000, 0x05a00000)
 concurrent mark-sweep generation total 54696K, used 45620K [0x0f0a0000, 0x1260a000, 0x24600000)
 concurrent-mark-sweep perm gen total 60788K, used 39545K [0x24600000, 0x2815d000, 0x28600000)
Event: 87.266 GC heap after
Heap after GC invocations=31 (full 6):
 par new generation   total 18432K, used 2048K [0x04600000, 0x05a00000, 0x0f0a0000)
  eden space 16384K,   0% used [0x04600000, 0x04600000, 0x05600000)
  from space 2048K, 100% used [0x05800000, 0x05a00000, 0x05a00000)
  to   space 2048K,   0% used [0x05600000, 0x05600000, 0x05800000)
 concurrent mark-sweep generation total 54696K, used 47985K [0x0f0a0000, 0x1260a000, 0x24600000)
 concurrent-mark-sweep perm gen total 60788K, used 39545K [0x24600000, 0x2815d000, 0x28600000)
}
Event: 19646.039 GC heap before
{Heap before GC invocations=31 (full 6):
 par new generation   total 18432K, used 18432K [0x04600000, 0x05a00000, 0x0f0a0000)
  eden space 16384K, 100% used [0x04600000, 0x05600000, 0x05600000)
  from space 2048K, 100% used [0x05800000, 0x05a00000, 0x05a00000)
  to   space 2048K,   0% used [0x05600000, 0x05600000, 0x05800000)
 concurrent mark-sweep generation total 54696K, used 47985K [0x0f0a0000, 0x1260a000, 0x24600000)
 concurrent-mark-sweep perm gen total 60788K, used 39586K [0x24600000, 0x2815d000, 0x28600000)
Event: 19646.110 GC heap after
Heap after GC invocations=32 (full 6):
 par new generation   total 18432K, used 2048K [0x04600000, 0x05a00000, 0x0f0a0000)
  eden space 16384K,   0% used [0x04600000, 0x04600000, 0x05600000)
  from space 2048K, 100% used [0x05600000, 0x05800000, 0x05800000)
  to   space 2048K,   0% used [0x05800000, 0x05800000, 0x05a00000)
 concurrent mark-sweep generation total 54696K, used 50190K [0x0f0a0000, 0x1260a000, 0x24600000)
 concurrent-mark-sweep perm gen total 60788K, used 39586K [0x24600000, 0x2815d000, 0x28600000)
}
Event: 22620.762 GC heap before
{Heap before GC invocations=32 (full 7):
 par new generation   total 18432K, used 18432K [0x04600000, 0x05a00000, 0x0f0a0000)
  eden space 16384K, 100% used [0x04600000, 0x05600000, 0x05600000)
  from space 2048K, 100% used [0x05600000, 0x05800000, 0x05800000)
  to   space 2048K,   0% used [0x05800000, 0x05800000, 0x05a00000)
 concurrent mark-sweep generation total 54696K, used 22539K [0x0f0a0000, 0x1260a000, 0x24600000)
 concurrent-mark-sweep perm gen total 63520K, used 38561K [0x24600000, 0x28408000, 0x28600000)
Event: 22620.768 GC heap after
Heap after GC invocations=33 (full 7):
 par new generation   total 18432K, used 2048K [0x04600000, 0x05a00000, 0x0f0a0000)
  eden space 16384K,   0% used [0x04600000, 0x04600000, 0x05600000)
  from space 2048K, 100% used [0x05800000, 0x05a00000, 0x05a00000)
  to   space 2048K,   0% used [0x05600000, 0x05600000, 0x05800000)
 concurrent mark-sweep generation total 54696K, used 24548K [0x0f0a0000, 0x1260a000, 0x24600000)
 concurrent-mark-sweep perm gen total 63520K, used 38561K [0x24600000, 0x28408000, 0x28600000)
}
Event: 22629.042 GC heap before
{Heap before GC invocations=33 (full 7):
 par new generation   total 18432K, used 12771K [0x04600000, 0x05a00000, 0x0f0a0000)
  eden space 16384K,  65% used [0x04600000, 0x05078d20, 0x05600000)
  from space 2048K, 100% used [0x05800000, 0x05a00000, 0x05a00000)
  to   space 2048K,   0% used [0x05600000, 0x05600000, 0x05800000)
 concurrent mark-sweep generation total 54696K, used 24548K [0x0f0a0000, 0x1260a000, 0x24600000)
 concurrent-mark-sweep perm gen total 63520K, used 41230K [0x24600000, 0x28408000, 0x28600000)
Event: 22629.047 GC heap after
Heap after GC invocations=34 (full 7):
 par new generation   total 18432K, used 1919K [0x04600000, 0x05a00000, 0x0f0a0000)
  eden space 16384K,   0% used [0x04600000, 0x04600000, 0x05600000)
  from space 2048K,  93% used [0x05600000, 0x057dffb0, 0x05800000)
  to   space 2048K,   0% used [0x05800000, 0x05800000, 0x05a00000)
 concurrent mark-sweep generation total 54696K, used 24548K [0x0f0a0000, 0x1260a000, 0x24600000)
 concurrent-mark-sweep perm gen total 63520K, used 41230K [0x24600000, 0x28408000, 0x28600000)
}
Event: 22774.052 GC heap before
{Heap before GC invocations=34 (full 7):
 par new generation   total 18432K, used 18303K [0x04600000, 0x05a00000, 0x0f0a0000)
  eden space 16384K, 100% used [0x04600000, 0x05600000, 0x05600000)
  from space 2048K,  93% used [0x05600000, 0x057dffb0, 0x05800000)
  to   space 2048K,   0% used [0x05800000, 0x05800000, 0x05a00000)
 concurrent mark-sweep generation total 54696K, used 24548K [0x0f0a0000, 0x1260a000, 0x24600000)
 concurrent-mark-sweep perm gen total 63520K, used 42259K [0x24600000, 0x28408000, 0x28600000)
Event: 22774.061 GC heap after
Heap after GC invocations=35 (full 7):
 par new generation   total 18432K, used 2048K [0x04600000, 0x05a00000, 0x0f0a0000)
  eden space 16384K,   0% used [0x04600000, 0x04600000, 0x05600000)
  from space 2048K, 100% used [0x05800000, 0x05a00000, 0x05a00000)
  to   space 2048K,   0% used [0x05600000, 0x05600000, 0x05800000)
 concurrent mark-sweep generation total 61236K, used 32870K [0x0f0a0000, 0x12c6d000, 0x24600000)
 concurrent-mark-sweep perm gen total 63520K, used 42259K [0x24600000, 0x28408000, 0x28600000)
}

