# JRE version: Java(TM) SE Runtime Environment (7.0_71-b14) (build 1.7.0_71-b14)
# Java VM: Java HotSpot(TM) Client VM (24.71-b01 mixed mode windows-x86 )
Heap
 par new generation   total 18432K, used 2277K [0x04600000, 0x05a00000, 0x0f0a0000)
  eden space 16384K,   4% used [0x04600000, 0x046a50d8, 0x05600000)
  from space 2048K,  78% used [0x05800000, 0x05994560, 0x05a00000)
  to   space 2048K,   0% used [0x05600000, 0x05600000, 0x05800000)
 concurrent mark-sweep generation total 60008K, used 45902K [0x0f0a0000, 0x12b3a000, 0x24600000)
 concurrent-mark-sweep perm gen total 65536K, used 47950K [0x24600000, 0x28600000, 0x28600000)
GC Heap History (10 events):
Event: 441.570 GC heap before
{Heap before GC invocations=120 (full 8):
 par new generation   total 18432K, used 18432K [0x04600000, 0x05a00000, 0x0f0a0000)
  eden space 16384K, 100% used [0x04600000, 0x05600000, 0x05600000)
  from space 2048K, 100% used [0x05600000, 0x05800000, 0x05800000)
  to   space 2048K,   0% used [0x05800000, 0x05800000, 0x05a00000)
 concurrent mark-sweep generation total 60008K, used 41554K [0x0f0a0000, 0x12b3a000, 0x24600000)
 concurrent-mark-sweep perm gen total 65536K, used 47492K [0x24600000, 0x28600000, 0x28600000)
Event: 441.578 GC heap after
Heap after GC invocations=121 (full 8):
 par new generation   total 18432K, used 2048K [0x04600000, 0x05a00000, 0x0f0a0000)
  eden space 16384K,   0% used [0x04600000, 0x04600000, 0x05600000)
  from space 2048K, 100% used [0x05800000, 0x05a00000, 0x05a00000)
  to   space 2048K,   0% used [0x05600000, 0x05600000, 0x05800000)
 concurrent mark-sweep generation total 60008K, used 44665K [0x0f0a0000, 0x12b3a000, 0x24600000)
 concurrent-mark-sweep perm gen total 65536K, used 47492K [0x24600000, 0x28600000, 0x28600000)
}
Event: 495.405 GC heap before
{Heap before GC invocations=121 (full 8):
 par new generation   total 18432K, used 18432K [0x04600000, 0x05a00000, 0x0f0a0000)
  eden space 16384K, 100% used [0x04600000, 0x05600000, 0x05600000)
  from space 2048K, 100% used [0x05800000, 0x05a00000, 0x05a00000)
  to   space 2048K,   0% used [0x05600000, 0x05600000, 0x05800000)
 concurrent mark-sweep generation total 60008K, used 44665K [0x0f0a0000, 0x12b3a000, 0x24600000)
 concurrent-mark-sweep perm gen total 65536K, used 47521K [0x24600000, 0x28600000, 0x28600000)
Event: 495.409 GC heap after
Heap after GC invocations=122 (full 8):
 par new generation   total 18432K, used 2014K [0x04600000, 0x05a00000, 0x0f0a0000)
  eden space 16384K,   0% used [0x04600000, 0x04600000, 0x05600000)
  from space 2048K,  98% used [0x05600000, 0x057f7bf0, 0x05800000)
  to   space 2048K,   0% used [0x05800000, 0x05800000, 0x05a00000)
 concurrent mark-sweep generation total 60008K, used 45902K [0x0f0a0000, 0x12b3a000, 0x24600000)
 concurrent-mark-sweep perm gen total 65536K, used 47521K [0x24600000, 0x28600000, 0x28600000)
}
Event: 495.449 GC heap before
{Heap before GC invocations=122 (full 8):
 par new generation   total 18432K, used 18398K [0x04600000, 0x05a00000, 0x0f0a0000)
  eden space 16384K, 100% used [0x04600000, 0x05600000, 0x05600000)
  from space 2048K,  98% used [0x05600000, 0x057f7bf0, 0x05800000)
  to   space 2048K,   0% used [0x05800000, 0x05800000, 0x05a00000)
 concurrent mark-sweep generation total 60008K, used 45902K [0x0f0a0000, 0x12b3a000, 0x24600000)
 concurrent-mark-sweep perm gen total 65536K, used 47521K [0x24600000, 0x28600000, 0x28600000)
Event: 495.450 GC heap after
Heap after GC invocations=123 (full 8):
 par new generation   total 18432K, used 883K [0x04600000, 0x05a00000, 0x0f0a0000)
  eden space 16384K,   0% used [0x04600000, 0x04600000, 0x05600000)
  from space 2048K,  43% used [0x05800000, 0x058dcec0, 0x05a00000)
  to   space 2048K,   0% used [0x05600000, 0x05600000, 0x05800000)
 concurrent mark-sweep generation total 60008K, used 45902K [0x0f0a0000, 0x12b3a000, 0x24600000)
 concurrent-mark-sweep perm gen total 65536K, used 47521K [0x24600000, 0x28600000, 0x28600000)
}
Event: 495.484 GC heap before
{Heap before GC invocations=123 (full 8):
 par new generation   total 18432K, used 17267K [0x04600000, 0x05a00000, 0x0f0a0000)
  eden space 16384K, 100% used [0x04600000, 0x05600000, 0x05600000)
  from space 2048K,  43% used [0x05800000, 0x058dcec0, 0x05a00000)
  to   space 2048K,   0% used [0x05600000, 0x05600000, 0x05800000)
 concurrent mark-sweep generation total 60008K, used 45902K [0x0f0a0000, 0x12b3a000, 0x24600000)
 concurrent-mark-sweep perm gen total 65536K, used 47521K [0x24600000, 0x28600000, 0x28600000)
Event: 495.486 GC heap after
Heap after GC invocations=124 (full 8):
 par new generation   total 18432K, used 1044K [0x04600000, 0x05a00000, 0x0f0a0000)
  eden space 16384K,   0% used [0x04600000, 0x04600000, 0x05600000)
  from space 2048K,  51% used [0x05600000, 0x057052a0, 0x05800000)
  to   space 2048K,   0% used [0x05800000, 0x05800000, 0x05a00000)
 concurrent mark-sweep generation total 60008K, used 45902K [0x0f0a0000, 0x12b3a000, 0x24600000)
 concurrent-mark-sweep perm gen total 65536K, used 47521K [0x24600000, 0x28600000, 0x28600000)
}
Event: 496.428 GC heap before
{Heap before GC invocations=124 (full 8):
 par new generation   total 18432K, used 17428K [0x04600000, 0x05a00000, 0x0f0a0000)
  eden space 16384K, 100% used [0x04600000, 0x05600000, 0x05600000)
  from space 2048K,  51% used [0x05600000, 0x057052a0, 0x05800000)
  to   space 2048K,   0% used [0x05800000, 0x05800000, 0x05a00000)
 concurrent mark-sweep generation total 60008K, used 45902K [0x0f0a0000, 0x12b3a000, 0x24600000)
 concurrent-mark-sweep perm gen total 65536K, used 47950K [0x24600000, 0x28600000, 0x28600000)
Event: 496.431 GC heap after
Heap after GC invocations=125 (full 8):
 par new generation   total 18432K, used 1617K [0x04600000, 0x05a00000, 0x0f0a0000)
  eden space 16384K,   0% used [0x04600000, 0x04600000, 0x05600000)
  from space 2048K,  78% used [0x05800000, 0x05994560, 0x05a00000)
  to   space 2048K,   0% used [0x05600000, 0x05600000, 0x05800000)
 concurrent mark-sweep generation total 60008K, used 45902K [0x0f0a0000, 0x12b3a000, 0x24600000)
 concurrent-mark-sweep perm gen total 65536K, used 47950K [0x24600000, 0x28600000, 0x28600000)
}

